0 info it worked if it ends with ok
1 verbose cli [ '/usr/local/bin/node',
1 verbose cli   '/usr/local/bin/npm',
1 verbose cli   'install',
1 verbose cli   'pleeease-cli' ]
2 info using npm@2.5.1
3 info using node@v0.12.0
4 silly cache add args [ 'pleeease-cli', null ]
5 verbose cache add spec pleeease-cli
6 silly cache add parsed spec { raw: 'pleeease-cli',
6 silly cache add   scope: null,
6 silly cache add   name: 'pleeease-cli',
6 silly cache add   rawSpec: '',
6 silly cache add   spec: '*',
6 silly cache add   type: 'range' }
7 verbose addNamed pleeease-cli@*
8 silly addNamed semver.valid null
9 silly addNamed semver.validRange *
10 silly addNameRange { name: 'pleeease-cli', range: '*', hasData: false }
11 silly mapToRegistry name pleeease-cli
12 silly mapToRegistry using default registry
13 silly mapToRegistry registry https://registry.npmjs.org/
14 silly mapToRegistry uri https://registry.npmjs.org/pleeease-cli
15 verbose addNameRange registry:https://registry.npmjs.org/pleeease-cli not in flight; fetching
16 verbose request uri https://registry.npmjs.org/pleeease-cli
17 verbose request no auth needed
18 info attempt registry request try #1 at 5:20:37 PM
19 verbose request id 161c86ad7e606166
20 http request GET https://registry.npmjs.org/pleeease-cli
21 http 200 https://registry.npmjs.org/pleeease-cli
22 silly get cb [ 200,
22 silly get   { date: 'Wed, 11 Mar 2015 00:20:37 GMT',
22 silly get     server: 'CouchDB/1.5.0 (Erlang OTP/R16B03)',
22 silly get     etag: '"1WUWVMIU2A4ZIFZT9BMXHZCLI"',
22 silly get     'content-type': 'application/json',
22 silly get     'cache-control': 'max-age=60',
22 silly get     'content-length': '10426',
22 silly get     'accept-ranges': 'bytes',
22 silly get     via: '1.1 varnish',
22 silly get     age: '0',
22 silly get     'x-served-by': 'cache-lax1434-LAX',
22 silly get     'x-cache': 'MISS',
22 silly get     'x-cache-hits': '0',
22 silly get     'x-timer': 'S1426033237.811102,VS0,VE45',
22 silly get     vary: 'Accept',
22 silly get     'keep-alive': 'timeout=10, max=50',
22 silly get     connection: 'Keep-Alive' } ]
23 verbose get saving pleeease-cli to /Users/ianstorey/.npm/registry.npmjs.org/pleeease-cli/.cache.json
24 silly addNameRange number 2 { name: 'pleeease-cli', range: '*', hasData: true }
25 silly addNameRange versions [ 'pleeease-cli',
25 silly addNameRange   [ '3.0.0', '3.0.1', '3.1.0', '3.2.0', '3.2.1', '3.2.2', '3.2.3' ] ]
26 verbose addNamed pleeease-cli@3.2.3
27 silly addNamed semver.valid 3.2.3
28 silly addNamed semver.validRange 3.2.3
29 silly mapToRegistry name pleeease-cli
30 silly mapToRegistry using default registry
31 silly mapToRegistry registry https://registry.npmjs.org/
32 silly mapToRegistry uri https://registry.npmjs.org/pleeease-cli
33 verbose addRemoteTarball https://registry.npmjs.org/pleeease-cli/-/pleeease-cli-3.2.3.tgz not in flight; adding
34 verbose addRemoteTarball [ 'https://registry.npmjs.org/pleeease-cli/-/pleeease-cli-3.2.3.tgz',
34 verbose addRemoteTarball   '66837d31f3546d177f979af1209814ecce1f3d50' ]
35 info retry fetch attempt 1 at 5:20:37 PM
36 info attempt registry request try #1 at 5:20:37 PM
37 http fetch GET https://registry.npmjs.org/pleeease-cli/-/pleeease-cli-3.2.3.tgz
38 http fetch 200 https://registry.npmjs.org/pleeease-cli/-/pleeease-cli-3.2.3.tgz
39 silly fetchAndShaCheck shasum 66837d31f3546d177f979af1209814ecce1f3d50
40 verbose addTmpTarball /var/folders/8x/b3b68mkd2vg0fqdzztdpdh6w0000gn/T/npm-7894-87023de2/registry.npmjs.org/pleeease-cli/-/pleeease-cli-3.2.3.tgz not in flight; adding
41 verbose addTmpTarball already have metadata; skipping unpack for pleeease-cli@3.2.3
42 silly cache afterAdd pleeease-cli@3.2.3
43 verbose afterAdd /Users/ianstorey/.npm/pleeease-cli/3.2.3/package/package.json not in flight; writing
44 verbose afterAdd /Users/ianstorey/.npm/pleeease-cli/3.2.3/package/package.json written
45 silly install resolved [ { name: 'pleeease-cli',
45 silly install resolved     version: '3.2.3',
45 silly install resolved     description: 'Process CSS with ease',
45 silly install resolved     author: { name: 'Vincent De Oliveira' },
45 silly install resolved     main: './lib/cli',
45 silly install resolved     bin:
45 silly install resolved      { pleeease: './bin/pleeease',
45 silly install resolved        'pleeease-compile': './bin/pleeease-compile',
45 silly install resolved        'pleeease-watch': './bin/pleeease-watch' },
45 silly install resolved     keywords: [ 'postprocessor', 'css', 'postcss', 'pleeease' ],
45 silly install resolved     scripts: { test: 'gulp test' },
45 silly install resolved     repository: { type: 'git', url: 'https://github.com/iamvdo/pleeease-cli' },
45 silly install resolved     dependencies:
45 silly install resolved      { pleeease: '~3.2.0',
45 silly install resolved        chokidar: '~0.12.0',
45 silly install resolved        'cli-color': '~0.3.2',
45 silly install resolved        commander: '~2.6.0',
45 silly install resolved        mkdirp: '~0.5.0',
45 silly install resolved        'multi-glob': '~0.4.0',
45 silly install resolved        'deep-extend': '^0.3.2' },
45 silly install resolved     devDependencies:
45 silly install resolved      { gulp: '~3.8.6',
45 silly install resolved        'gulp-bump': '~0.1.10',
45 silly install resolved        'gulp-jshint': '~1.9.0',
45 silly install resolved        'gulp-mocha': '~2.0.0',
45 silly install resolved        'jshint-stylish': '~1.0.0',
45 silly install resolved        mocha: '~2.1.0',
45 silly install resolved        should: '~5.0.0',
45 silly install resolved        yargs: '~3.0.0' },
45 silly install resolved     gitHead: 'f2990d48a87bb4a98f4e8fe016d45dcccee2a613',
45 silly install resolved     bugs: { url: 'https://github.com/iamvdo/pleeease-cli/issues' },
45 silly install resolved     homepage: 'https://github.com/iamvdo/pleeease-cli',
45 silly install resolved     _id: 'pleeease-cli@3.2.3',
45 silly install resolved     _shasum: '66837d31f3546d177f979af1209814ecce1f3d50',
45 silly install resolved     _from: 'pleeease-cli@*',
45 silly install resolved     _npmVersion: '1.4.28',
45 silly install resolved     _npmUser: { name: 'iamvdo', email: 'vincent@iamvdo.me' },
45 silly install resolved     maintainers: [ [Object] ],
45 silly install resolved     dist:
45 silly install resolved      { shasum: '66837d31f3546d177f979af1209814ecce1f3d50',
45 silly install resolved        tarball: 'http://registry.npmjs.org/pleeease-cli/-/pleeease-cli-3.2.3.tgz' },
45 silly install resolved     directories: {},
45 silly install resolved     _resolved: 'https://registry.npmjs.org/pleeease-cli/-/pleeease-cli-3.2.3.tgz' } ]
46 info install pleeease-cli@3.2.3 into /Users/ianstorey/launchportfolio/istorey.github.io/stylesheets
47 info installOne pleeease-cli@3.2.3
48 verbose installOne of pleeease-cli to /Users/ianstorey/launchportfolio/istorey.github.io/stylesheets not in flight; installing
49 warn locking Error: EACCES, open '/Users/ianstorey/.npm/_locks/pleeease-cli-8d2b74d14ed181a8.lock'
49 warn locking     at Error (native)
49 warn locking  /Users/ianstorey/.npm/_locks/pleeease-cli-8d2b74d14ed181a8.lock failed { [Error: EACCES, open '/Users/ianstorey/.npm/_locks/pleeease-cli-8d2b74d14ed181a8.lock']
49 warn locking   errno: -13,
49 warn locking   code: 'EACCES',
49 warn locking   path: '/Users/ianstorey/.npm/_locks/pleeease-cli-8d2b74d14ed181a8.lock' }
50 verbose stack Error: Attempt to unlock /Users/ianstorey/launchportfolio/istorey.github.io/stylesheets/node_modules/pleeease-cli, which hasn't been locked
50 verbose stack     at unlock (/usr/local/lib/node_modules/npm/lib/utils/locker.js:66:11)
50 verbose stack     at cb (/usr/local/lib/node_modules/npm/lib/install.js:929:5)
50 verbose stack     at /usr/local/lib/node_modules/npm/lib/install.js:933:20
50 verbose stack     at /usr/local/lib/node_modules/npm/lib/utils/locker.js:40:9
50 verbose stack     at cb (/usr/local/lib/node_modules/npm/node_modules/lockfile/lockfile.js:149:38)
50 verbose stack     at /usr/local/lib/node_modules/npm/node_modules/lockfile/lockfile.js:177:38
50 verbose stack     at FSReqWrap.oncomplete (fs.js:99:15)
51 verbose cwd /Users/ianstorey/launchportfolio/istorey.github.io/stylesheets
52 error Darwin 11.4.2
53 error argv "/usr/local/bin/node" "/usr/local/bin/npm" "install" "pleeease-cli"
54 error node v0.12.0
55 error npm  v2.5.1
56 error Attempt to unlock /Users/ianstorey/launchportfolio/istorey.github.io/stylesheets/node_modules/pleeease-cli, which hasn't been locked
57 error If you need help, you may report this error at:
57 error     <http://github.com/npm/npm/issues>
58 verbose exit [ 1, true ]
